[2024-11-13 21:52:53]	[info] incremental build: 46 source files changed
These source files will be recompiled
---
'd:\RM\RM_code\Sentry\Core\Src\dma.c': object (.o) file not exist
'd:\RM\RM_code\Sentry\Core\Src\fdcan.c': object (.o) file not exist
'd:\RM\RM_code\Sentry\Core\Src\gpio.c': object (.o) file not exist
'd:\RM\RM_code\Sentry\Core\Src\main.c': object (.o) file not exist
'd:\RM\RM_code\Sentry\Core\Src\memorymap.c': object (.o) file not exist
'd:\RM\RM_code\Sentry\Core\Src\spi.c': object (.o) file not exist
'd:\RM\RM_code\Sentry\Core\Src\stm32h7xx_hal_msp.c': object (.o) file not exist
'd:\RM\RM_code\Sentry\Core\Src\stm32h7xx_it.c': object (.o) file not exist
'd:\RM\RM_code\Sentry\Core\Src\system_stm32h7xx.c': object (.o) file not exist
'd:\RM\RM_code\Sentry\Core\Src\tim.c': object (.o) file not exist
'd:\RM\RM_code\Sentry\Core\Src\usart.c': object (.o) file not exist
'd:\RM\RM_code\Sentry\Drivers\STM32H7xx_HAL_Driver\Src\stm32h7xx_hal.c': object (.o) file not exist
'd:\RM\RM_code\Sentry\Drivers\STM32H7xx_HAL_Driver\Src\stm32h7xx_hal_cortex.c': object (.o) file not exist
'd:\RM\RM_code\Sentry\Drivers\STM32H7xx_HAL_Driver\Src\stm32h7xx_hal_dma.c': object (.o) file not exist
'd:\RM\RM_code\Sentry\Drivers\STM32H7xx_HAL_Driver\Src\stm32h7xx_hal_dma_ex.c': object (.o) file not exist
'd:\RM\RM_code\Sentry\Drivers\STM32H7xx_HAL_Driver\Src\stm32h7xx_hal_exti.c': object (.o) file not exist
'd:\RM\RM_code\Sentry\Drivers\STM32H7xx_HAL_Driver\Src\stm32h7xx_hal_fdcan.c': object (.o) file not exist
'd:\RM\RM_code\Sentry\Drivers\STM32H7xx_HAL_Driver\Src\stm32h7xx_hal_flash.c': object (.o) file not exist
'd:\RM\RM_code\Sentry\Drivers\STM32H7xx_HAL_Driver\Src\stm32h7xx_hal_flash_ex.c': object (.o) file not exist
'd:\RM\RM_code\Sentry\Drivers\STM32H7xx_HAL_Driver\Src\stm32h7xx_hal_gpio.c': object (.o) file not exist
'd:\RM\RM_code\Sentry\Drivers\STM32H7xx_HAL_Driver\Src\stm32h7xx_hal_hsem.c': object (.o) file not exist
'd:\RM\RM_code\Sentry\Drivers\STM32H7xx_HAL_Driver\Src\stm32h7xx_hal_i2c.c': object (.o) file not exist
'd:\RM\RM_code\Sentry\Drivers\STM32H7xx_HAL_Driver\Src\stm32h7xx_hal_i2c_ex.c': object (.o) file not exist
'd:\RM\RM_code\Sentry\Drivers\STM32H7xx_HAL_Driver\Src\stm32h7xx_hal_mdma.c': object (.o) file not exist
'd:\RM\RM_code\Sentry\Drivers\STM32H7xx_HAL_Driver\Src\stm32h7xx_hal_pcd.c': object (.o) file not exist
'd:\RM\RM_code\Sentry\Drivers\STM32H7xx_HAL_Driver\Src\stm32h7xx_hal_pcd_ex.c': object (.o) file not exist
'd:\RM\RM_code\Sentry\Drivers\STM32H7xx_HAL_Driver\Src\stm32h7xx_hal_pwr.c': object (.o) file not exist
'd:\RM\RM_code\Sentry\Drivers\STM32H7xx_HAL_Driver\Src\stm32h7xx_hal_pwr_ex.c': object (.o) file not exist
'd:\RM\RM_code\Sentry\Drivers\STM32H7xx_HAL_Driver\Src\stm32h7xx_hal_rcc.c': object (.o) file not exist
'd:\RM\RM_code\Sentry\Drivers\STM32H7xx_HAL_Driver\Src\stm32h7xx_hal_rcc_ex.c': object (.o) file not exist
'd:\RM\RM_code\Sentry\Drivers\STM32H7xx_HAL_Driver\Src\stm32h7xx_hal_spi.c': object (.o) file not exist
'd:\RM\RM_code\Sentry\Drivers\STM32H7xx_HAL_Driver\Src\stm32h7xx_hal_spi_ex.c': object (.o) file not exist
'd:\RM\RM_code\Sentry\Drivers\STM32H7xx_HAL_Driver\Src\stm32h7xx_hal_tim.c': object (.o) file not exist
'd:\RM\RM_code\Sentry\Drivers\STM32H7xx_HAL_Driver\Src\stm32h7xx_hal_tim_ex.c': object (.o) file not exist
'd:\RM\RM_code\Sentry\Drivers\STM32H7xx_HAL_Driver\Src\stm32h7xx_hal_uart.c': object (.o) file not exist
'd:\RM\RM_code\Sentry\Drivers\STM32H7xx_HAL_Driver\Src\stm32h7xx_hal_uart_ex.c': object (.o) file not exist
'd:\RM\RM_code\Sentry\Drivers\STM32H7xx_HAL_Driver\Src\stm32h7xx_ll_usb.c': object (.o) file not exist
'd:\RM\RM_code\Sentry\Middlewares\ST\STM32_USB_Device_Library\Class\CDC\Src\usbd_cdc.c': object (.o) file not exist
'd:\RM\RM_code\Sentry\Middlewares\ST\STM32_USB_Device_Library\Core\Src\usbd_core.c': object (.o) file not exist
'd:\RM\RM_code\Sentry\Middlewares\ST\STM32_USB_Device_Library\Core\Src\usbd_ctlreq.c': object (.o) file not exist
'd:\RM\RM_code\Sentry\Middlewares\ST\STM32_USB_Device_Library\Core\Src\usbd_ioreq.c': object (.o) file not exist
'd:\RM\RM_code\Sentry\USB_DEVICE\App\usb_device.c': object (.o) file not exist
'd:\RM\RM_code\Sentry\USB_DEVICE\App\usbd_cdc_if.c': object (.o) file not exist
'd:\RM\RM_code\Sentry\USB_DEVICE\App\usbd_desc.c': object (.o) file not exist
'd:\RM\RM_code\Sentry\USB_DEVICE\Target\usbd_conf.c': object (.o) file not exist
'd:\RM\RM_code\Sentry\MDK-ARM\startup_stm32h723xx.s': object (.o) file not exist

[2024-11-13 21:52:54]	compilation failed at : "d:\RM\RM_code\Sentry\Core\Src\main.c", exit code: 1
command: 
  "D:\Keil5\keil5_anzhuangbao\ARM\ARMCLANG\bin\armclang.exe" --target=arm-arm-none-eabi -c -xc -std=c99 -I../Core/Inc -I../USB_DEVICE/App -I../USB_DEVICE/Target -I../Drivers/STM32H7xx_HAL_Driver/Inc -I../Drivers/STM32H7xx_HAL_Driver/Inc/Legacy -I../Middlewares/ST/STM32_USB_Device_Library/Core/Inc -I../Middlewares/ST/STM32_USB_Device_Library/Class/CDC/Inc -I../Drivers/CMSIS/Device/ST/STM32H7xx/Include -I.cmsis/include -IRTE/_Sentry -DUSE_HAL_DRIVER -DSTM32H723xx -D__FPU_PRESENT="1" -D__FPU_USED="1" -DARM_MATH_CM7 -mfloat-abi=hard -mfpu=fpv5-sp-d16 -mcpu=cortex-m7 -mlittle-endian -O0 -ffunction-sections -funsigned-char -fshort-enums -fshort-wchar -fno-rtti -Wno-packed -Wno-missing-variable-declarations -Wno-missing-prototypes -Wno-missing-noreturn -Wno-sign-conversion -Wno-nonportable-include-path -Wno-reserved-id-macro -Wno-unused-macros -Wno-documentation-unknown-command -Wno-documentation -Wno-license-management -Wno-parentheses-equality -g -o ./Sentry/.obj/__/Core/Src/main.o -MMD ./../Core/Src/main.c
   at unify_builder.Program.compileByMulThread(Int32 thrNum, CmdInfo[] cmds_, List`1 errLogs)
   at unify_builder.Program.Main(String[] args_)
---
./../Core/Src/main.c:32:10: fatal error: 'arm_math.h' file not found
   32 | #include "arm_math.h"
      |          ^~~~~~~~~~~~
1 error generated.

[2024-11-13 21:53:02]	[info] incremental build: 32 source files changed
These source files will be recompiled
---
'd:\RM\RM_code\Sentry\Core\Src\main.c': object (.o) file not exist
'd:\RM\RM_code\Sentry\Drivers\STM32H7xx_HAL_Driver\Src\stm32h7xx_hal_exti.c': object (.o) file not exist
'd:\RM\RM_code\Sentry\Drivers\STM32H7xx_HAL_Driver\Src\stm32h7xx_hal_fdcan.c': object (.o) file not exist
'd:\RM\RM_code\Sentry\Drivers\STM32H7xx_HAL_Driver\Src\stm32h7xx_hal_flash.c': object (.o) file not exist
'd:\RM\RM_code\Sentry\Drivers\STM32H7xx_HAL_Driver\Src\stm32h7xx_hal_flash_ex.c': object (.o) file not exist
'd:\RM\RM_code\Sentry\Drivers\STM32H7xx_HAL_Driver\Src\stm32h7xx_hal_gpio.c': object (.o) file not exist
'd:\RM\RM_code\Sentry\Drivers\STM32H7xx_HAL_Driver\Src\stm32h7xx_hal_hsem.c': object (.o) file not exist
'd:\RM\RM_code\Sentry\Drivers\STM32H7xx_HAL_Driver\Src\stm32h7xx_hal_i2c.c': object (.o) file not exist
'd:\RM\RM_code\Sentry\Drivers\STM32H7xx_HAL_Driver\Src\stm32h7xx_hal_i2c_ex.c': object (.o) file not exist
'd:\RM\RM_code\Sentry\Drivers\STM32H7xx_HAL_Driver\Src\stm32h7xx_hal_mdma.c': object (.o) file not exist
'd:\RM\RM_code\Sentry\Drivers\STM32H7xx_HAL_Driver\Src\stm32h7xx_hal_pcd.c': object (.o) file not exist
'd:\RM\RM_code\Sentry\Drivers\STM32H7xx_HAL_Driver\Src\stm32h7xx_hal_pcd_ex.c': object (.o) file not exist
'd:\RM\RM_code\Sentry\Drivers\STM32H7xx_HAL_Driver\Src\stm32h7xx_hal_pwr.c': object (.o) file not exist
'd:\RM\RM_code\Sentry\Drivers\STM32H7xx_HAL_Driver\Src\stm32h7xx_hal_pwr_ex.c': object (.o) file not exist
'd:\RM\RM_code\Sentry\Drivers\STM32H7xx_HAL_Driver\Src\stm32h7xx_hal_rcc.c': object (.o) file not exist
'd:\RM\RM_code\Sentry\Drivers\STM32H7xx_HAL_Driver\Src\stm32h7xx_hal_rcc_ex.c': object (.o) file not exist
'd:\RM\RM_code\Sentry\Drivers\STM32H7xx_HAL_Driver\Src\stm32h7xx_hal_spi.c': object (.o) file not exist
'd:\RM\RM_code\Sentry\Drivers\STM32H7xx_HAL_Driver\Src\stm32h7xx_hal_spi_ex.c': object (.o) file not exist
'd:\RM\RM_code\Sentry\Drivers\STM32H7xx_HAL_Driver\Src\stm32h7xx_hal_tim.c': object (.o) file not exist
'd:\RM\RM_code\Sentry\Drivers\STM32H7xx_HAL_Driver\Src\stm32h7xx_hal_tim_ex.c': object (.o) file not exist
'd:\RM\RM_code\Sentry\Drivers\STM32H7xx_HAL_Driver\Src\stm32h7xx_hal_uart.c': object (.o) file not exist
'd:\RM\RM_code\Sentry\Drivers\STM32H7xx_HAL_Driver\Src\stm32h7xx_hal_uart_ex.c': object (.o) file not exist
'd:\RM\RM_code\Sentry\Drivers\STM32H7xx_HAL_Driver\Src\stm32h7xx_ll_usb.c': object (.o) file not exist
'd:\RM\RM_code\Sentry\Middlewares\ST\STM32_USB_Device_Library\Class\CDC\Src\usbd_cdc.c': object (.o) file not exist
'd:\RM\RM_code\Sentry\Middlewares\ST\STM32_USB_Device_Library\Core\Src\usbd_core.c': object (.o) file not exist
'd:\RM\RM_code\Sentry\Middlewares\ST\STM32_USB_Device_Library\Core\Src\usbd_ctlreq.c': object (.o) file not exist
'd:\RM\RM_code\Sentry\Middlewares\ST\STM32_USB_Device_Library\Core\Src\usbd_ioreq.c': object (.o) file not exist
'd:\RM\RM_code\Sentry\USB_DEVICE\App\usb_device.c': object (.o) file not exist
'd:\RM\RM_code\Sentry\USB_DEVICE\App\usbd_cdc_if.c': object (.o) file not exist
'd:\RM\RM_code\Sentry\USB_DEVICE\App\usbd_desc.c': object (.o) file not exist
'd:\RM\RM_code\Sentry\USB_DEVICE\Target\usbd_conf.c': object (.o) file not exist
'd:\RM\RM_code\Sentry\MDK-ARM\startup_stm32h723xx.s': object (.o) file not exist

[2024-11-13 21:53:05]	[done]
	build successfully !

[2024-11-13 21:54:02]	[done]
	build successfully !

[2024-11-13 21:58:33]	[done]
	build successfully !

[2024-11-13 21:59:55]	[info] incremental build: 1 source files changed
These source files will be recompiled
---
'd:\RM\RM_code\Sentry\Core\Src\main.c': source file has been changed.

[2024-11-13 21:59:56]	[done]
	build successfully !

[2024-11-14 09:59:46]	[done]
	build successfully !

[2024-11-14 10:44:53]	[info] incremental build: 1 source files changed
These source files will be recompiled
---
'd:\RM\RM_code\Sentry\Core\Src\main.c': source file has been changed.

[2024-11-14 10:44:54]	[done]
	build successfully !

[2024-11-14 10:45:27]	compilation failed at : "d:\RM\RM_code\Sentry\Drivers\STM32H7xx_HAL_Driver\Src\stm32h7xx_hal.c", exit code: 1
command: 
  "D:\Keil5\keil5_anzhuangbao\ARM\ARMCLANG\bin\armclang.exe" --target=arm-arm-none-eabi -c -xc -std=c99 -I../Core/Inc -I../Drivers/STM32H7xx_HAL_Driver/Inc -I../Drivers/STM32H7xx_HAL_Driver/Inc/Legacy -I../USB_DEVICE/App -I../USB_DEVICE/Target -I../Middlewares/ST/STM32_USB_Device_Library/Core/Inc -I../Middlewares/ST/STM32_USB_Device_Library/Class/CDC/Inc -I../Drivers/CMSIS/Device/ST/STM32H7xx/Include -I../User/Congfig -I../User/Task -I../User/Interaction -I../User/Chariot -I../User/Device -I../User/Middleware/Driver -I../User/Middleware/Algorithm -IRTE/_Sentry -DUSE_HAL_DRIVER -DSTM32H723xx -D__FPU_PRESENT="1" -D__FPU_USED="1" -DARM_MATH_CM7 -mfloat-abi=hard -mfpu=fpv5-sp-d16 -mcpu=cortex-m7 -mlittle-endian -O1 -ffunction-sections -funsigned-char -fshort-enums -fshort-wchar -fno-rtti -Wno-packed -Wno-missing-variable-declarations -Wno-missing-prototypes -Wno-missing-noreturn -Wno-sign-conversion -Wno-nonportable-include-path -Wno-reserved-id-macro -Wno-unused-macros -Wno-documentation-unknown-command -Wno-documentation -Wno-license-management -Wno-parentheses-equality -g -o ./Sentry/.obj/__/Drivers/STM32H7xx_HAL_Driver/Src/stm32h7xx_hal.o -MMD ./../Drivers/STM32H7xx_HAL_Driver/Src/stm32h7xx_hal.c
   at unify_builder.Program.compileByMulThread(Int32 thrNum, CmdInfo[] cmds_, List`1 errLogs)
   at unify_builder.Program.Main(String[] args_)
---
In file included from ./../Core/Src/dma.c:22:
In file included from ../Core/Inc\dma.h:29:
In file included from ../Core/Inc/main.h:30:
In file included from ../Drivers/STM32H7xx_HAL_Driver/Inc\stm32h7xx_hal.h:29:
In file included from ../Core/Inc\stm32h7xx_hal_conf.h:247:
In file included from ../Drivers/STM32H7xx_HAL_Driver/Inc\stm32h7xx_hal_rcc.h:27:
In file included from ../Drivers/STM32H7xx_HAL_Driver/Inc/stm32h7xx_hal_def.h:29:
In file included from ../Drivers/CMSIS/Device/ST/STM32H7xx/Include\stm32h7xx.h:167:
../Drivers/CMSIS/Device/ST/STM32H7xx/Include/stm32h723xx.h:221:10: fatal error: 'core_cm7.h' file not found
  221 | #include "core_cm7.h"                     /*!< Cortex-M7 processor and core peripherals      */
      |          ^~~~~~~~~~~~
1 error generated.
In file included from ./../Core/Src/fdcan.c:21:
In file included from ../Core/Inc\fdcan.h:29:
In file included from ../Core/Inc/main.h:30:
In file included from ../Drivers/STM32H7xx_HAL_Driver/Inc\stm32h7xx_hal.h:29:
In file included from ../Core/Inc\stm32h7xx_hal_conf.h:247:
In file included from ../Drivers/STM32H7xx_HAL_Driver/Inc\stm32h7xx_hal_rcc.h:27:
In file included from ../Drivers/STM32H7xx_HAL_Driver/Inc/stm32h7xx_hal_def.h:29:
In file included from ../Drivers/CMSIS/Device/ST/STM32H7xx/Include\stm32h7xx.h:167:
../Drivers/CMSIS/Device/ST/STM32H7xx/Include/stm32h723xx.h:221:10: fatal error: 'core_cm7.h' file not found
  221 | #include "core_cm7.h"                     /*!< Cortex-M7 processor and core peripherals      */
      |          ^~~~~~~~~~~~
1 error generated.
In file included from ./../Core/Src/gpio.c:22:
In file included from ../Core/Inc\gpio.h:29:
In file included from ../Core/Inc/main.h:30:
In file included from ../Drivers/STM32H7xx_HAL_Driver/Inc\stm32h7xx_hal.h:29:
In file included from ../Core/Inc\stm32h7xx_hal_conf.h:247:
In file included from ../Drivers/STM32H7xx_HAL_Driver/Inc\stm32h7xx_hal_rcc.h:27:
In file included from ../Drivers/STM32H7xx_HAL_Driver/Inc/stm32h7xx_hal_def.h:29:
In file included from ../Drivers/CMSIS/Device/ST/STM32H7xx/Include\stm32h7xx.h:167:
../Drivers/CMSIS/Device/ST/STM32H7xx/Include/stm32h723xx.h:221:10: fatal error: 'core_cm7.h' file not found
  221 | #include "core_cm7.h"                     /*!< Cortex-M7 processor and core peripherals      */
      |          ^~~~~~~~~~~~
1 error generated.
In file included from ./../Core/Src/main.c:20:
In file included from ../Core/Inc\main.h:30:
In file included from ../Drivers/STM32H7xx_HAL_Driver/Inc\stm32h7xx_hal.h:29:
In file included from ../Core/Inc\stm32h7xx_hal_conf.h:247:
In file included from ../Drivers/STM32H7xx_HAL_Driver/Inc\stm32h7xx_hal_rcc.h:27:
In file included from ../Drivers/STM32H7xx_HAL_Driver/Inc/stm32h7xx_hal_def.h:29:
In file included from ../Drivers/CMSIS/Device/ST/STM32H7xx/Include\stm32h7xx.h:167:
../Drivers/CMSIS/Device/ST/STM32H7xx/Include/stm32h723xx.h:221:10: fatal error: 'core_cm7.h' file not found
  221 | #include "core_cm7.h"                     /*!< Cortex-M7 processor and core peripherals      */
      |          ^~~~~~~~~~~~
1 error generated.
In file included from ./../Core/Src/memorymap.c:21:
In file included from ../Core/Inc\memorymap.h:29:
In file included from ../Core/Inc/main.h:30:
In file included from ../Drivers/STM32H7xx_HAL_Driver/Inc\stm32h7xx_hal.h:29:
In file included from ../Core/Inc\stm32h7xx_hal_conf.h:247:
In file included from ../Drivers/STM32H7xx_HAL_Driver/Inc\stm32h7xx_hal_rcc.h:27:
In file included from ../Drivers/STM32H7xx_HAL_Driver/Inc/stm32h7xx_hal_def.h:29:
In file included from ../Drivers/CMSIS/Device/ST/STM32H7xx/Include\stm32h7xx.h:167:
../Drivers/CMSIS/Device/ST/STM32H7xx/Include/stm32h723xx.h:221:10: fatal error: 'core_cm7.h' file not found
  221 | #include "core_cm7.h"                     /*!< Cortex-M7 processor and core peripherals      */
      |          ^~~~~~~~~~~~
1 error generated.
In file included from ./../Core/Src/spi.c:21:
In file included from ../Core/Inc\spi.h:29:
In file included from ../Core/Inc/main.h:30:
In file included from ../Drivers/STM32H7xx_HAL_Driver/Inc\stm32h7xx_hal.h:29:
In file included from ../Core/Inc\stm32h7xx_hal_conf.h:247:
In file included from ../Drivers/STM32H7xx_HAL_Driver/Inc\stm32h7xx_hal_rcc.h:27:
In file included from ../Drivers/STM32H7xx_HAL_Driver/Inc/stm32h7xx_hal_def.h:29:
In file included from ../Drivers/CMSIS/Device/ST/STM32H7xx/Include\stm32h7xx.h:167:
../Drivers/CMSIS/Device/ST/STM32H7xx/Include/stm32h723xx.h:221:10: fatal error: 'core_cm7.h' file not found
  221 | #include "core_cm7.h"                     /*!< Cortex-M7 processor and core peripherals      */
      |          ^~~~~~~~~~~~
1 error generated.
In file included from ./../Core/Src/stm32h7xx_hal_msp.c:23:
In file included from ../Core/Inc\main.h:30:
In file included from ../Drivers/STM32H7xx_HAL_Driver/Inc\stm32h7xx_hal.h:29:
In file included from ../Core/Inc\stm32h7xx_hal_conf.h:247:
In file included from ../Drivers/STM32H7xx_HAL_Driver/Inc\stm32h7xx_hal_rcc.h:27:
In file included from ../Drivers/STM32H7xx_HAL_Driver/Inc/stm32h7xx_hal_def.h:29:
In file included from ../Drivers/CMSIS/Device/ST/STM32H7xx/Include\stm32h7xx.h:167:
../Drivers/CMSIS/Device/ST/STM32H7xx/Include/stm32h723xx.h:221:10: fatal error: 'core_cm7.h' file not found
  221 | #include "core_cm7.h"                     /*!< Cortex-M7 processor and core peripherals      */
      |          ^~~~~~~~~~~~
1 error generated.
In file included from ./../Core/Src/stm32h7xx_it.c:21:
In file included from ../Core/Inc\main.h:30:
In file included from ../Drivers/STM32H7xx_HAL_Driver/Inc\stm32h7xx_hal.h:29:
In file included from ../Core/Inc\stm32h7xx_hal_conf.h:247:
In file included from ../Drivers/STM32H7xx_HAL_Driver/Inc\stm32h7xx_hal_rcc.h:27:
In file included from ../Drivers/STM32H7xx_HAL_Driver/Inc/stm32h7xx_hal_def.h:29:
In file included from ../Drivers/CMSIS/Device/ST/STM32H7xx/Include\stm32h7xx.h:167:
../Drivers/CMSIS/Device/ST/STM32H7xx/Include/stm32h723xx.h:221:10: fatal error: 'core_cm7.h' file not found
  221 | #include "core_cm7.h"                     /*!< Cortex-M7 processor and core peripherals      */
      |          ^~~~~~~~~~~~
1 error generated.
In file included from ./../Core/Src/system_stm32h7xx.c:47:
In file included from ../Drivers/CMSIS/Device/ST/STM32H7xx/Include\stm32h7xx.h:167:
../Drivers/CMSIS/Device/ST/STM32H7xx/Include/stm32h723xx.h:221:10: fatal error: 'core_cm7.h' file not found
  221 | #include "core_cm7.h"                     /*!< Cortex-M7 processor and core peripherals      */
      |          ^~~~~~~~~~~~
1 error generated.
In file included from ./../Core/Src/tim.c:21:
In file included from ../Core/Inc\tim.h:29:
In file included from ../Core/Inc/main.h:30:
In file included from ../Drivers/STM32H7xx_HAL_Driver/Inc\stm32h7xx_hal.h:29:
In file included from ../Core/Inc\stm32h7xx_hal_conf.h:247:
In file included from ../Drivers/STM32H7xx_HAL_Driver/Inc\stm32h7xx_hal_rcc.h:27:
In file included from ../Drivers/STM32H7xx_HAL_Driver/Inc/stm32h7xx_hal_def.h:29:
In file included from ../Drivers/CMSIS/Device/ST/STM32H7xx/Include\stm32h7xx.h:167:
../Drivers/CMSIS/Device/ST/STM32H7xx/Include/stm32h723xx.h:221:10: fatal error: 'core_cm7.h' file not found
  221 | #include "core_cm7.h"                     /*!< Cortex-M7 processor and core peripherals      */
      |          ^~~~~~~~~~~~
1 error generated.
In file included from ./../Core/Src/usart.c:21:
In file included from ../Core/Inc\usart.h:29:
In file included from ../Core/Inc/main.h:30:
In file included from ../Drivers/STM32H7xx_HAL_Driver/Inc\stm32h7xx_hal.h:29:
In file included from ../Core/Inc\stm32h7xx_hal_conf.h:247:
In file included from ../Drivers/STM32H7xx_HAL_Driver/Inc\stm32h7xx_hal_rcc.h:27:
In file included from ../Drivers/STM32H7xx_HAL_Driver/Inc/stm32h7xx_hal_def.h:29:
In file included from ../Drivers/CMSIS/Device/ST/STM32H7xx/Include\stm32h7xx.h:167:
../Drivers/CMSIS/Device/ST/STM32H7xx/Include/stm32h723xx.h:221:10: fatal error: 'core_cm7.h' file not found
  221 | #include "core_cm7.h"                     /*!< Cortex-M7 processor and core peripherals      */
      |          ^~~~~~~~~~~~
1 error generated.
In file included from ./../Drivers/STM32H7xx_HAL_Driver/Src/stm32h7xx_hal.c:36:
In file included from ../Drivers/STM32H7xx_HAL_Driver/Inc\stm32h7xx_hal.h:29:
In file included from ../Core/Inc\stm32h7xx_hal_conf.h:247:
In file included from ../Drivers/STM32H7xx_HAL_Driver/Inc\stm32h7xx_hal_rcc.h:27:
In file included from ../Drivers/STM32H7xx_HAL_Driver/Inc/stm32h7xx_hal_def.h:29:
In file included from ../Drivers/CMSIS/Device/ST/STM32H7xx/Include\stm32h7xx.h:167:
../Drivers/CMSIS/Device/ST/STM32H7xx/Include/stm32h723xx.h:221:10: fatal error: 'core_cm7.h' file not found
  221 | #include "core_cm7.h"                     /*!< Cortex-M7 processor and core peripherals      */
      |          ^~~~~~~~~~~~
1 error generated.

[2024-11-14 13:10:55]	compilation failed at : "d:\RM\RM_code\Sentry\Drivers\STM32H7xx_HAL_Driver\Src\stm32h7xx_hal.c", exit code: 1
command: 
  "D:\Keil5\keil5_anzhuangbao\ARM\ARMCLANG\bin\armclang.exe" --target=arm-arm-none-eabi -c -xc -std=c99 -I../Core/Inc -I../Drivers/STM32H7xx_HAL_Driver/Inc -I../Drivers/STM32H7xx_HAL_Driver/Inc/Legacy -I../USB_DEVICE/App -I../USB_DEVICE/Target -I../Middlewares/ST/STM32_USB_Device_Library/Core/Inc -I../Middlewares/ST/STM32_USB_Device_Library/Class/CDC/Inc -I../Drivers/CMSIS/Device/ST/STM32H7xx/Include -I../User/Congfig -I../User/Task -I../User/Interaction -I../User/Chariot -I../User/Device -I../User/Middleware/Driver -I../User/Middleware/Algorithm -IRTE/_Sentry -DUSE_HAL_DRIVER -DSTM32H723xx -D__FPU_PRESENT="1" -D__FPU_USED="1" -DARM_MATH_CM7 -mfloat-abi=hard -mfpu=fpv5-sp-d16 -mcpu=cortex-m7 -mlittle-endian -O1 -ffunction-sections -funsigned-char -fshort-enums -fshort-wchar -fno-rtti -Wno-packed -Wno-missing-variable-declarations -Wno-missing-prototypes -Wno-missing-noreturn -Wno-sign-conversion -Wno-nonportable-include-path -Wno-reserved-id-macro -Wno-unused-macros -Wno-documentation-unknown-command -Wno-documentation -Wno-license-management -Wno-parentheses-equality -g -o ./Sentry/.obj/__/Drivers/STM32H7xx_HAL_Driver/Src/stm32h7xx_hal.o -MMD ./../Drivers/STM32H7xx_HAL_Driver/Src/stm32h7xx_hal.c
   at unify_builder.Program.compileByMulThread(Int32 thrNum, CmdInfo[] cmds_, List`1 errLogs)
   at unify_builder.Program.Main(String[] args_)
---
In file included from ./../Core/Src/gpio.c:22:
In file included from ../Core/Inc\gpio.h:29:
In file included from ../Core/Inc/main.h:30:
In file included from ../Drivers/STM32H7xx_HAL_Driver/Inc\stm32h7xx_hal.h:29:
In file included from ../Core/Inc\stm32h7xx_hal_conf.h:247:
In file included from ../Drivers/STM32H7xx_HAL_Driver/Inc\stm32h7xx_hal_rcc.h:27:
In file included from ../Drivers/STM32H7xx_HAL_Driver/Inc/stm32h7xx_hal_def.h:29:
In file included from ../Drivers/CMSIS/Device/ST/STM32H7xx/Include\stm32h7xx.h:167:
../Drivers/CMSIS/Device/ST/STM32H7xx/Include/stm32h723xx.h:218:9: warning: '__FPU_PRESENT' macro redefined [-Wmacro-redefined]
  218 | #define __FPU_PRESENT             1U       /*!< FPU present                                   */
      |         ^
<command line>:3:9: note: previous definition is here
    3 | #define __FPU_PRESENT 1
      |         ^
In file included from ./../Core/Src/gpio.c:22:
In file included from ../Core/Inc\gpio.h:29:
In file included from ../Core/Inc/main.h:30:
In file included from ../Drivers/STM32H7xx_HAL_Driver/Inc\stm32h7xx_hal.h:29:
In file included from ../Core/Inc\stm32h7xx_hal_conf.h:247:
In file included from ../Drivers/STM32H7xx_HAL_Driver/Inc\stm32h7xx_hal_rcc.h:27:
In file included from ../Drivers/STM32H7xx_HAL_Driver/Inc/stm32h7xx_hal_def.h:29:
In file included from ../Drivers/CMSIS/Device/ST/STM32H7xx/Include\stm32h7xx.h:167:
../Drivers/CMSIS/Device/ST/STM32H7xx/Include/stm32h723xx.h:221:10: fatal error: 'core_cm7.h' file not found
  221 | #include "core_cm7.h"                     /*!< Cortex-M7 processor and core peripherals      */
      |          ^~~~~~~~~~~~
1 warning and 1 error generated.
In file included from ./../Core/Src/dma.c:22:
In file included from ../Core/Inc\dma.h:29:
In file included from ../Core/Inc/main.h:30:
In file included from ../Drivers/STM32H7xx_HAL_Driver/Inc\stm32h7xx_hal.h:29:
In file included from ../Core/Inc\stm32h7xx_hal_conf.h:247:
In file included from ../Drivers/STM32H7xx_HAL_Driver/Inc\stm32h7xx_hal_rcc.h:27:
In file included from ../Drivers/STM32H7xx_HAL_Driver/Inc/stm32h7xx_hal_def.h:29:
In file included from ../Drivers/CMSIS/Device/ST/STM32H7xx/Include\stm32h7xx.h:167:
../Drivers/CMSIS/Device/ST/STM32H7xx/Include/stm32h723xx.h:218:9: warning: '__FPU_PRESENT' macro redefined [-Wmacro-redefined]
  218 | #define __FPU_PRESENT             1U       /*!< FPU present                                   */
      |         ^
<command line>:3:9: note: previous definition is here
    3 | #define __FPU_PRESENT 1
      |         ^
In file included from ./../Core/Src/dma.c:22:
In file included from ../Core/Inc\dma.h:29:
In file included from ../Core/Inc/main.h:30:
In file included from ../Drivers/STM32H7xx_HAL_Driver/Inc\stm32h7xx_hal.h:29:
In file included from ../Core/Inc\stm32h7xx_hal_conf.h:247:
In file included from ../Drivers/STM32H7xx_HAL_Driver/Inc\stm32h7xx_hal_rcc.h:27:
In file included from ../Drivers/STM32H7xx_HAL_Driver/Inc/stm32h7xx_hal_def.h:29:
In file included from ../Drivers/CMSIS/Device/ST/STM32H7xx/Include\stm32h7xx.h:167:
../Drivers/CMSIS/Device/ST/STM32H7xx/Include/stm32h723xx.h:221:10: fatal error: 'core_cm7.h' file not found
  221 | #include "core_cm7.h"                     /*!< Cortex-M7 processor and core peripherals      */
      |          ^~~~~~~~~~~~
1 warning and 1 error generated.
In file included from ./../Core/Src/fdcan.c:21:
In file included from ../Core/Inc\fdcan.h:29:
In file included from ../Core/Inc/main.h:30:
In file included from ../Drivers/STM32H7xx_HAL_Driver/Inc\stm32h7xx_hal.h:29:
In file included from ../Core/Inc\stm32h7xx_hal_conf.h:247:
In file included from ../Drivers/STM32H7xx_HAL_Driver/Inc\stm32h7xx_hal_rcc.h:27:
In file included from ../Drivers/STM32H7xx_HAL_Driver/Inc/stm32h7xx_hal_def.h:29:
In file included from ../Drivers/CMSIS/Device/ST/STM32H7xx/Include\stm32h7xx.h:167:
../Drivers/CMSIS/Device/ST/STM32H7xx/Include/stm32h723xx.h:218:9: warning: '__FPU_PRESENT' macro redefined [-Wmacro-redefined]
  218 | #define __FPU_PRESENT             1U       /*!< FPU present                                   */
      |         ^
<command line>:3:9: note: previous definition is here
    3 | #define __FPU_PRESENT 1
      |         ^
In file included from ./../Core/Src/fdcan.c:21:
In file included from ../Core/Inc\fdcan.h:29:
In file included from ../Core/Inc/main.h:30:
In file included from ../Drivers/STM32H7xx_HAL_Driver/Inc\stm32h7xx_hal.h:29:
In file included from ../Core/Inc\stm32h7xx_hal_conf.h:247:
In file included from ../Drivers/STM32H7xx_HAL_Driver/Inc\stm32h7xx_hal_rcc.h:27:
In file included from ../Drivers/STM32H7xx_HAL_Driver/Inc/stm32h7xx_hal_def.h:29:
In file included from ../Drivers/CMSIS/Device/ST/STM32H7xx/Include\stm32h7xx.h:167:
../Drivers/CMSIS/Device/ST/STM32H7xx/Include/stm32h723xx.h:221:10: fatal error: 'core_cm7.h' file not found
  221 | #include "core_cm7.h"                     /*!< Cortex-M7 processor and core peripherals      */
      |          ^~~~~~~~~~~~
1 warning and 1 error generated.
In file included from ./../Core/Src/main.c:20:
In file included from ../Core/Inc\main.h:30:
In file included from ../Drivers/STM32H7xx_HAL_Driver/Inc\stm32h7xx_hal.h:29:
In file included from ../Core/Inc\stm32h7xx_hal_conf.h:247:
In file included from ../Drivers/STM32H7xx_HAL_Driver/Inc\stm32h7xx_hal_rcc.h:27:
In file included from ../Drivers/STM32H7xx_HAL_Driver/Inc/stm32h7xx_hal_def.h:29:
In file included from ../Drivers/CMSIS/Device/ST/STM32H7xx/Include\stm32h7xx.h:167:
../Drivers/CMSIS/Device/ST/STM32H7xx/Include/stm32h723xx.h:218:9: warning: '__FPU_PRESENT' macro redefined [-Wmacro-redefined]
  218 | #define __FPU_PRESENT             1U       /*!< FPU present                                   */
      |         ^
<command line>:3:9: note: previous definition is here
    3 | #define __FPU_PRESENT 1
      |         ^
In file included from ./../Core/Src/main.c:20:
In file included from ../Core/Inc\main.h:30:
In file included from ../Drivers/STM32H7xx_HAL_Driver/Inc\stm32h7xx_hal.h:29:
In file included from ../Core/Inc\stm32h7xx_hal_conf.h:247:
In file included from ../Drivers/STM32H7xx_HAL_Driver/Inc\stm32h7xx_hal_rcc.h:27:
In file included from ../Drivers/STM32H7xx_HAL_Driver/Inc/stm32h7xx_hal_def.h:29:
In file included from ../Drivers/CMSIS/Device/ST/STM32H7xx/Include\stm32h7xx.h:167:
../Drivers/CMSIS/Device/ST/STM32H7xx/Include/stm32h723xx.h:221:10: fatal error: 'core_cm7.h' file not found
  221 | #include "core_cm7.h"                     /*!< Cortex-M7 processor and core peripherals      */
      |          ^~~~~~~~~~~~
1 warning and 1 error generated.
In file included from ./../Core/Src/spi.c:21:
In file included from ../Core/Inc\spi.h:29:
In file included from ../Core/Inc/main.h:30:
In file included from ../Drivers/STM32H7xx_HAL_Driver/Inc\stm32h7xx_hal.h:29:
In file included from ../Core/Inc\stm32h7xx_hal_conf.h:247:
In file included from ../Drivers/STM32H7xx_HAL_Driver/Inc\stm32h7xx_hal_rcc.h:27:
In file included from ../Drivers/STM32H7xx_HAL_Driver/Inc/stm32h7xx_hal_def.h:29:
In file included from ../Drivers/CMSIS/Device/ST/STM32H7xx/Include\stm32h7xx.h:167:
../Drivers/CMSIS/Device/ST/STM32H7xx/Include/stm32h723xx.h:218:9: warning: '__FPU_PRESENT' macro redefined [-Wmacro-redefined]
  218 | #define __FPU_PRESENT             1U       /*!< FPU present                                   */
      |         ^
<command line>:3:9: note: previous definition is here
    3 | #define __FPU_PRESENT 1
      |         ^
In file included from ./../Core/Src/spi.c:21:
In file included from ../Core/Inc\spi.h:29:
In file included from ../Core/Inc/main.h:30:
In file included from ../Drivers/STM32H7xx_HAL_Driver/Inc\stm32h7xx_hal.h:29:
In file included from ../Core/Inc\stm32h7xx_hal_conf.h:247:
In file included from ../Drivers/STM32H7xx_HAL_Driver/Inc\stm32h7xx_hal_rcc.h:27:
In file included from ../Drivers/STM32H7xx_HAL_Driver/Inc/stm32h7xx_hal_def.h:29:
In file included from ../Drivers/CMSIS/Device/ST/STM32H7xx/Include\stm32h7xx.h:167:
../Drivers/CMSIS/Device/ST/STM32H7xx/Include/stm32h723xx.h:221:10: fatal error: 'core_cm7.h' file not found
  221 | #include "core_cm7.h"                     /*!< Cortex-M7 processor and core peripherals      */
      |          ^~~~~~~~~~~~
1 warning and 1 error generated.
In file included from ./../Core/Src/stm32h7xx_hal_msp.c:23:
In file included from ../Core/Inc\main.h:30:
In file included from ../Drivers/STM32H7xx_HAL_Driver/Inc\stm32h7xx_hal.h:29:
In file included from ../Core/Inc\stm32h7xx_hal_conf.h:247:
In file included from ../Drivers/STM32H7xx_HAL_Driver/Inc\stm32h7xx_hal_rcc.h:27:
In file included from ../Drivers/STM32H7xx_HAL_Driver/Inc/stm32h7xx_hal_def.h:29:
In file included from ../Drivers/CMSIS/Device/ST/STM32H7xx/Include\stm32h7xx.h:167:
../Drivers/CMSIS/Device/ST/STM32H7xx/Include/stm32h723xx.h:218:9: warning: '__FPU_PRESENT' macro redefined [-Wmacro-redefined]
  218 | #define __FPU_PRESENT             1U       /*!< FPU present                                   */
      |         ^
<command line>:3:9: note: previous definition is here
    3 | #define __FPU_PRESENT 1
      |         ^
In file included from ./../Core/Src/stm32h7xx_hal_msp.c:23:
In file included from ../Core/Inc\main.h:30:
In file included from ../Drivers/STM32H7xx_HAL_Driver/Inc\stm32h7xx_hal.h:29:
In file included from ../Core/Inc\stm32h7xx_hal_conf.h:247:
In file included from ../Drivers/STM32H7xx_HAL_Driver/Inc\stm32h7xx_hal_rcc.h:27:
In file included from ../Drivers/STM32H7xx_HAL_Driver/Inc/stm32h7xx_hal_def.h:29:
In file included from ../Drivers/CMSIS/Device/ST/STM32H7xx/Include\stm32h7xx.h:167:
../Drivers/CMSIS/Device/ST/STM32H7xx/Include/stm32h723xx.h:221:10: fatal error: 'core_cm7.h' file not found
  221 | #include "core_cm7.h"                     /*!< Cortex-M7 processor and core peripherals      */
      |          ^~~~~~~~~~~~
1 warning and 1 error generated.
In file included from ./../Core/Src/stm32h7xx_it.c:21:
In file included from ../Core/Inc\main.h:30:
In file included from ../Drivers/STM32H7xx_HAL_Driver/Inc\stm32h7xx_hal.h:29:
In file included from ../Core/Inc\stm32h7xx_hal_conf.h:247:
In file included from ../Drivers/STM32H7xx_HAL_Driver/Inc\stm32h7xx_hal_rcc.h:27:
In file included from ../Drivers/STM32H7xx_HAL_Driver/Inc/stm32h7xx_hal_def.h:29:
In file included from ../Drivers/CMSIS/Device/ST/STM32H7xx/Include\stm32h7xx.h:167:
../Drivers/CMSIS/Device/ST/STM32H7xx/Include/stm32h723xx.h:218:9: warning: '__FPU_PRESENT' macro redefined [-Wmacro-redefined]
  218 | #define __FPU_PRESENT             1U       /*!< FPU present                                   */
      |         ^
<command line>:3:9: note: previous definition is here
    3 | #define __FPU_PRESENT 1
      |         ^
In file included from ./../Core/Src/stm32h7xx_it.c:21:
In file included from ../Core/Inc\main.h:30:
In file included from ../Drivers/STM32H7xx_HAL_Driver/Inc\stm32h7xx_hal.h:29:
In file included from ../Core/Inc\stm32h7xx_hal_conf.h:247:
In file included from ../Drivers/STM32H7xx_HAL_Driver/Inc\stm32h7xx_hal_rcc.h:27:
In file included from ../Drivers/STM32H7xx_HAL_Driver/Inc/stm32h7xx_hal_def.h:29:
In file included from ../Drivers/CMSIS/Device/ST/STM32H7xx/Include\stm32h7xx.h:167:
../Drivers/CMSIS/Device/ST/STM32H7xx/Include/stm32h723xx.h:221:10: fatal error: 'core_cm7.h' file not found
  221 | #include "core_cm7.h"                     /*!< Cortex-M7 processor and core peripherals      */
      |          ^~~~~~~~~~~~
1 warning and 1 error generated.
In file included from ./../Core/Src/memorymap.c:21:
In file included from ../Core/Inc\memorymap.h:29:
In file included from ../Core/Inc/main.h:30:
In file included from ../Drivers/STM32H7xx_HAL_Driver/Inc\stm32h7xx_hal.h:29:
In file included from ../Core/Inc\stm32h7xx_hal_conf.h:247:
In file included from ../Drivers/STM32H7xx_HAL_Driver/Inc\stm32h7xx_hal_rcc.h:27:
In file included from ../Drivers/STM32H7xx_HAL_Driver/Inc/stm32h7xx_hal_def.h:29:
In file included from ../Drivers/CMSIS/Device/ST/STM32H7xx/Include\stm32h7xx.h:167:
../Drivers/CMSIS/Device/ST/STM32H7xx/Include/stm32h723xx.h:218:9: warning: '__FPU_PRESENT' macro redefined [-Wmacro-redefined]
  218 | #define __FPU_PRESENT             1U       /*!< FPU present                                   */
      |         ^
<command line>:3:9: note: previous definition is here
    3 | #define __FPU_PRESENT 1
      |         ^
In file included from ./../Core/Src/memorymap.c:21:
In file included from ../Core/Inc\memorymap.h:29:
In file included from ../Core/Inc/main.h:30:
In file included from ../Drivers/STM32H7xx_HAL_Driver/Inc\stm32h7xx_hal.h:29:
In file included from ../Core/Inc\stm32h7xx_hal_conf.h:247:
In file included from ../Drivers/STM32H7xx_HAL_Driver/Inc\stm32h7xx_hal_rcc.h:27:
In file included from ../Drivers/STM32H7xx_HAL_Driver/Inc/stm32h7xx_hal_def.h:29:
In file included from ../Drivers/CMSIS/Device/ST/STM32H7xx/Include\stm32h7xx.h:167:
../Drivers/CMSIS/Device/ST/STM32H7xx/Include/stm32h723xx.h:221:10: fatal error: 'core_cm7.h' file not found
  221 | #include "core_cm7.h"                     /*!< Cortex-M7 processor and core peripherals      */
      |          ^~~~~~~~~~~~
1 warning and 1 error generated.
In file included from ./../Core/Src/system_stm32h7xx.c:47:
In file included from ../Drivers/CMSIS/Device/ST/STM32H7xx/Include\stm32h7xx.h:167:
../Drivers/CMSIS/Device/ST/STM32H7xx/Include/stm32h723xx.h:218:9: warning: '__FPU_PRESENT' macro redefined [-Wmacro-redefined]
  218 | #define __FPU_PRESENT             1U       /*!< FPU present                                   */
      |         ^
<command line>:3:9: note: previous definition is here
    3 | #define __FPU_PRESENT 1
      |         ^
In file included from ./../Core/Src/system_stm32h7xx.c:47:
In file included from ../Drivers/CMSIS/Device/ST/STM32H7xx/Include\stm32h7xx.h:167:
../Drivers/CMSIS/Device/ST/STM32H7xx/Include/stm32h723xx.h:221:10: fatal error: 'core_cm7.h' file not found
  221 | #include "core_cm7.h"                     /*!< Cortex-M7 processor and core peripherals      */
      |          ^~~~~~~~~~~~
1 warning and 1 error generated.
In file included from ./../Core/Src/tim.c:21:
In file included from ../Core/Inc\tim.h:29:
In file included from ../Core/Inc/main.h:30:
In file included from ../Drivers/STM32H7xx_HAL_Driver/Inc\stm32h7xx_hal.h:29:
In file included from ../Core/Inc\stm32h7xx_hal_conf.h:247:
In file included from ../Drivers/STM32H7xx_HAL_Driver/Inc\stm32h7xx_hal_rcc.h:27:
In file included from ../Drivers/STM32H7xx_HAL_Driver/Inc/stm32h7xx_hal_def.h:29:
In file included from ../Drivers/CMSIS/Device/ST/STM32H7xx/Include\stm32h7xx.h:167:
../Drivers/CMSIS/Device/ST/STM32H7xx/Include/stm32h723xx.h:218:9: warning: '__FPU_PRESENT' macro redefined [-Wmacro-redefined]
  218 | #define __FPU_PRESENT             1U       /*!< FPU present                                   */
      |         ^
<command line>:3:9: note: previous definition is here
    3 | #define __FPU_PRESENT 1
      |         ^
In file included from ./../Core/Src/tim.c:21:
In file included from ../Core/Inc\tim.h:29:
In file included from ../Core/Inc/main.h:30:
In file included from ../Drivers/STM32H7xx_HAL_Driver/Inc\stm32h7xx_hal.h:29:
In file included from ../Core/Inc\stm32h7xx_hal_conf.h:247:
In file included from ../Drivers/STM32H7xx_HAL_Driver/Inc\stm32h7xx_hal_rcc.h:27:
In file included from ../Drivers/STM32H7xx_HAL_Driver/Inc/stm32h7xx_hal_def.h:29:
In file included from ../Drivers/CMSIS/Device/ST/STM32H7xx/Include\stm32h7xx.h:167:
../Drivers/CMSIS/Device/ST/STM32H7xx/Include/stm32h723xx.h:221:10: fatal error: 'core_cm7.h' file not found
  221 | #include "core_cm7.h"                     /*!< Cortex-M7 processor and core peripherals      */
      |          ^~~~~~~~~~~~
1 warning and 1 error generated.
In file included from ./../Core/Src/usart.c:21:
In file included from ../Core/Inc\usart.h:29:
In file included from ../Core/Inc/main.h:30:
In file included from ../Drivers/STM32H7xx_HAL_Driver/Inc\stm32h7xx_hal.h:29:
In file included from ../Core/Inc\stm32h7xx_hal_conf.h:247:
In file included from ../Drivers/STM32H7xx_HAL_Driver/Inc\stm32h7xx_hal_rcc.h:27:
In file included from ../Drivers/STM32H7xx_HAL_Driver/Inc/stm32h7xx_hal_def.h:29:
In file included from ../Drivers/CMSIS/Device/ST/STM32H7xx/Include\stm32h7xx.h:167:
../Drivers/CMSIS/Device/ST/STM32H7xx/Include/stm32h723xx.h:218:9: warning: '__FPU_PRESENT' macro redefined [-Wmacro-redefined]
  218 | #define __FPU_PRESENT             1U       /*!< FPU present                                   */
      |         ^
<command line>:3:9: note: previous definition is here
    3 | #define __FPU_PRESENT 1
      |         ^
In file included from ./../Core/Src/usart.c:21:
In file included from ../Core/Inc\usart.h:29:
In file included from ../Core/Inc/main.h:30:
In file included from ../Drivers/STM32H7xx_HAL_Driver/Inc\stm32h7xx_hal.h:29:
In file included from ../Core/Inc\stm32h7xx_hal_conf.h:247:
In file included from ../Drivers/STM32H7xx_HAL_Driver/Inc\stm32h7xx_hal_rcc.h:27:
In file included from ../Drivers/STM32H7xx_HAL_Driver/Inc/stm32h7xx_hal_def.h:29:
In file included from ../Drivers/CMSIS/Device/ST/STM32H7xx/Include\stm32h7xx.h:167:
../Drivers/CMSIS/Device/ST/STM32H7xx/Include/stm32h723xx.h:221:10: fatal error: 'core_cm7.h' file not found
  221 | #include "core_cm7.h"                     /*!< Cortex-M7 processor and core peripherals      */
      |          ^~~~~~~~~~~~
1 warning and 1 error generated.
In file included from ./../Drivers/STM32H7xx_HAL_Driver/Src/stm32h7xx_hal.c:36:
In file included from ../Drivers/STM32H7xx_HAL_Driver/Inc\stm32h7xx_hal.h:29:
In file included from ../Core/Inc\stm32h7xx_hal_conf.h:247:
In file included from ../Drivers/STM32H7xx_HAL_Driver/Inc\stm32h7xx_hal_rcc.h:27:
In file included from ../Drivers/STM32H7xx_HAL_Driver/Inc/stm32h7xx_hal_def.h:29:
In file included from ../Drivers/CMSIS/Device/ST/STM32H7xx/Include\stm32h7xx.h:167:
../Drivers/CMSIS/Device/ST/STM32H7xx/Include/stm32h723xx.h:218:9: warning: '__FPU_PRESENT' macro redefined [-Wmacro-redefined]
  218 | #define __FPU_PRESENT             1U       /*!< FPU present                                   */
      |         ^
<command line>:3:9: note: previous definition is here
    3 | #define __FPU_PRESENT 1
      |         ^
In file included from ./../Drivers/STM32H7xx_HAL_Driver/Src/stm32h7xx_hal.c:36:
In file included from ../Drivers/STM32H7xx_HAL_Driver/Inc\stm32h7xx_hal.h:29:
In file included from ../Core/Inc\stm32h7xx_hal_conf.h:247:
In file included from ../Drivers/STM32H7xx_HAL_Driver/Inc\stm32h7xx_hal_rcc.h:27:
In file included from ../Drivers/STM32H7xx_HAL_Driver/Inc/stm32h7xx_hal_def.h:29:
In file included from ../Drivers/CMSIS/Device/ST/STM32H7xx/Include\stm32h7xx.h:167:
../Drivers/CMSIS/Device/ST/STM32H7xx/Include/stm32h723xx.h:221:10: fatal error: 'core_cm7.h' file not found
  221 | #include "core_cm7.h"                     /*!< Cortex-M7 processor and core peripherals      */
      |          ^~~~~~~~~~~~
1 warning and 1 error generated.

[2024-11-14 13:11:25]	compilation failed at : "d:\RM\RM_code\Sentry\Drivers\STM32H7xx_HAL_Driver\Src\stm32h7xx_hal.c", exit code: 1
command: 
  "D:\Keil5\keil5_anzhuangbao\ARM\ARMCLANG\bin\armclang.exe" --target=arm-arm-none-eabi -c -xc -std=c99 -I../Core/Inc -I../Drivers/STM32H7xx_HAL_Driver/Inc -I../Drivers/STM32H7xx_HAL_Driver/Inc/Legacy -I../USB_DEVICE/App -I../USB_DEVICE/Target -I../Middlewares/ST/STM32_USB_Device_Library/Core/Inc -I../Middlewares/ST/STM32_USB_Device_Library/Class/CDC/Inc -I../Drivers/CMSIS/Device/ST/STM32H7xx/Include -I../User/Congfig -I../User/Task -I../User/Interaction -I../User/Chariot -I../User/Device -I../User/Middleware/Driver -I../User/Middleware/Algorithm -IRTE/_Sentry -DUSE_HAL_DRIVER -DSTM32H723xx -D__FPU_PRESENT="1" -D__FPU_USED="1" -DARM_MATH_CM7 -mfloat-abi=hard -mfpu=fpv5-sp-d16 -mcpu=cortex-m7 -mlittle-endian -O1 -ffunction-sections -funsigned-char -fshort-enums -fshort-wchar -fno-rtti -w -g -o ./Sentry/.obj/__/Drivers/STM32H7xx_HAL_Driver/Src/stm32h7xx_hal.o -MMD ./../Drivers/STM32H7xx_HAL_Driver/Src/stm32h7xx_hal.c
   at unify_builder.Program.compileByMulThread(Int32 thrNum, CmdInfo[] cmds_, List`1 errLogs)
   at unify_builder.Program.Main(String[] args_)
---
In file included from ./../Core/Src/dma.c:22:
In file included from ../Core/Inc\dma.h:29:
In file included from ../Core/Inc/main.h:30:
In file included from ../Drivers/STM32H7xx_HAL_Driver/Inc\stm32h7xx_hal.h:29:
In file included from ../Core/Inc\stm32h7xx_hal_conf.h:247:
In file included from ../Drivers/STM32H7xx_HAL_Driver/Inc\stm32h7xx_hal_rcc.h:27:
In file included from ../Drivers/STM32H7xx_HAL_Driver/Inc/stm32h7xx_hal_def.h:29:
In file included from ../Drivers/CMSIS/Device/ST/STM32H7xx/Include\stm32h7xx.h:167:
../Drivers/CMSIS/Device/ST/STM32H7xx/Include/stm32h723xx.h:221:10: fatal error: 'core_cm7.h' file not found
  221 | #include "core_cm7.h"                     /*!< Cortex-M7 processor and core peripherals      */
      |          ^~~~~~~~~~~~
1 error generated.
In file included from ./../Core/Src/fdcan.c:21:
In file included from ../Core/Inc\fdcan.h:29:
In file included from ../Core/Inc/main.h:30:
In file included from ../Drivers/STM32H7xx_HAL_Driver/Inc\stm32h7xx_hal.h:29:
In file included from ../Core/Inc\stm32h7xx_hal_conf.h:247:
In file included from ../Drivers/STM32H7xx_HAL_Driver/Inc\stm32h7xx_hal_rcc.h:27:
In file included from ../Drivers/STM32H7xx_HAL_Driver/Inc/stm32h7xx_hal_def.h:29:
In file included from ../Drivers/CMSIS/Device/ST/STM32H7xx/Include\stm32h7xx.h:167:
../Drivers/CMSIS/Device/ST/STM32H7xx/Include/stm32h723xx.h:221:10: fatal error: 'core_cm7.h' file not found
  221 | #include "core_cm7.h"                     /*!< Cortex-M7 processor and core peripherals      */
      |          ^~~~~~~~~~~~
1 error generated.
In file included from ./../Core/Src/gpio.c:22:
In file included from ../Core/Inc\gpio.h:29:
In file included from ../Core/Inc/main.h:30:
In file included from ../Drivers/STM32H7xx_HAL_Driver/Inc\stm32h7xx_hal.h:29:
In file included from ../Core/Inc\stm32h7xx_hal_conf.h:247:
In file included from ../Drivers/STM32H7xx_HAL_Driver/Inc\stm32h7xx_hal_rcc.h:27:
In file included from ../Drivers/STM32H7xx_HAL_Driver/Inc/stm32h7xx_hal_def.h:29:
In file included from ../Drivers/CMSIS/Device/ST/STM32H7xx/Include\stm32h7xx.h:167:
../Drivers/CMSIS/Device/ST/STM32H7xx/Include/stm32h723xx.h:221:10: fatal error: 'core_cm7.h' file not found
  221 | #include "core_cm7.h"                     /*!< Cortex-M7 processor and core peripherals      */
      |          ^~~~~~~~~~~~
1 error generated.
In file included from ./../Core/Src/main.c:20:
In file included from ../Core/Inc\main.h:30:
In file included from ../Drivers/STM32H7xx_HAL_Driver/Inc\stm32h7xx_hal.h:29:
In file included from ../Core/Inc\stm32h7xx_hal_conf.h:247:
In file included from ../Drivers/STM32H7xx_HAL_Driver/Inc\stm32h7xx_hal_rcc.h:27:
In file included from ../Drivers/STM32H7xx_HAL_Driver/Inc/stm32h7xx_hal_def.h:29:
In file included from ../Drivers/CMSIS/Device/ST/STM32H7xx/Include\stm32h7xx.h:167:
../Drivers/CMSIS/Device/ST/STM32H7xx/Include/stm32h723xx.h:221:10: fatal error: 'core_cm7.h' file not found
  221 | #include "core_cm7.h"                     /*!< Cortex-M7 processor and core peripherals      */
      |          ^~~~~~~~~~~~
1 error generated.
In file included from ./../Core/Src/memorymap.c:21:
In file included from ../Core/Inc\memorymap.h:29:
In file included from ../Core/Inc/main.h:30:
In file included from ../Drivers/STM32H7xx_HAL_Driver/Inc\stm32h7xx_hal.h:29:
In file included from ../Core/Inc\stm32h7xx_hal_conf.h:247:
In file included from ../Drivers/STM32H7xx_HAL_Driver/Inc\stm32h7xx_hal_rcc.h:27:
In file included from ../Drivers/STM32H7xx_HAL_Driver/Inc/stm32h7xx_hal_def.h:29:
In file included from ../Drivers/CMSIS/Device/ST/STM32H7xx/Include\stm32h7xx.h:167:
../Drivers/CMSIS/Device/ST/STM32H7xx/Include/stm32h723xx.h:221:10: fatal error: 'core_cm7.h' file not found
  221 | #include "core_cm7.h"                     /*!< Cortex-M7 processor and core peripherals      */
      |          ^~~~~~~~~~~~
1 error generated.
In file included from ./../Core/Src/spi.c:21:
In file included from ../Core/Inc\spi.h:29:
In file included from ../Core/Inc/main.h:30:
In file included from ../Drivers/STM32H7xx_HAL_Driver/Inc\stm32h7xx_hal.h:29:
In file included from ../Core/Inc\stm32h7xx_hal_conf.h:247:
In file included from ../Drivers/STM32H7xx_HAL_Driver/Inc\stm32h7xx_hal_rcc.h:27:
In file included from ../Drivers/STM32H7xx_HAL_Driver/Inc/stm32h7xx_hal_def.h:29:
In file included from ../Drivers/CMSIS/Device/ST/STM32H7xx/Include\stm32h7xx.h:167:
../Drivers/CMSIS/Device/ST/STM32H7xx/Include/stm32h723xx.h:221:10: fatal error: 'core_cm7.h' file not found
  221 | #include "core_cm7.h"                     /*!< Cortex-M7 processor and core peripherals      */
      |          ^~~~~~~~~~~~
1 error generated.
In file included from ./../Core/Src/stm32h7xx_it.c:21:
In file included from ../Core/Inc\main.h:30:
In file included from ../Drivers/STM32H7xx_HAL_Driver/Inc\stm32h7xx_hal.h:29:
In file included from ../Core/Inc\stm32h7xx_hal_conf.h:247:
In file included from ../Drivers/STM32H7xx_HAL_Driver/Inc\stm32h7xx_hal_rcc.h:27:
In file included from ../Drivers/STM32H7xx_HAL_Driver/Inc/stm32h7xx_hal_def.h:29:
In file included from ../Drivers/CMSIS/Device/ST/STM32H7xx/Include\stm32h7xx.h:167:
../Drivers/CMSIS/Device/ST/STM32H7xx/Include/stm32h723xx.h:221:10: fatal error: 'core_cm7.h' file not found
  221 | #include "core_cm7.h"                     /*!< Cortex-M7 processor and core peripherals      */
      |          ^~~~~~~~~~~~
1 error generated.
In file included from ./../Core/Src/system_stm32h7xx.c:47:
In file included from ../Drivers/CMSIS/Device/ST/STM32H7xx/Include\stm32h7xx.h:167:
../Drivers/CMSIS/Device/ST/STM32H7xx/Include/stm32h723xx.h:221:10: fatal error: 'core_cm7.h' file not found
  221 | #include "core_cm7.h"                     /*!< Cortex-M7 processor and core peripherals      */
      |          ^~~~~~~~~~~~
1 error generated.
In file included from ./../Core/Src/stm32h7xx_hal_msp.c:23:
In file included from ../Core/Inc\main.h:30:
In file included from ../Drivers/STM32H7xx_HAL_Driver/Inc\stm32h7xx_hal.h:29:
In file included from ../Core/Inc\stm32h7xx_hal_conf.h:247:
In file included from ../Drivers/STM32H7xx_HAL_Driver/Inc\stm32h7xx_hal_rcc.h:27:
In file included from ../Drivers/STM32H7xx_HAL_Driver/Inc/stm32h7xx_hal_def.h:29:
In file included from ../Drivers/CMSIS/Device/ST/STM32H7xx/Include\stm32h7xx.h:167:
../Drivers/CMSIS/Device/ST/STM32H7xx/Include/stm32h723xx.h:221:10: fatal error: 'core_cm7.h' file not found
  221 | #include "core_cm7.h"                     /*!< Cortex-M7 processor and core peripherals      */
      |          ^~~~~~~~~~~~
1 error generated.
In file included from ./../Core/Src/tim.c:21:
In file included from ../Core/Inc\tim.h:29:
In file included from ../Core/Inc/main.h:30:
In file included from ../Drivers/STM32H7xx_HAL_Driver/Inc\stm32h7xx_hal.h:29:
In file included from ../Core/Inc\stm32h7xx_hal_conf.h:247:
In file included from ../Drivers/STM32H7xx_HAL_Driver/Inc\stm32h7xx_hal_rcc.h:27:
In file included from ../Drivers/STM32H7xx_HAL_Driver/Inc/stm32h7xx_hal_def.h:29:
In file included from ../Drivers/CMSIS/Device/ST/STM32H7xx/Include\stm32h7xx.h:167:
../Drivers/CMSIS/Device/ST/STM32H7xx/Include/stm32h723xx.h:221:10: fatal error: 'core_cm7.h' file not found
  221 | #include "core_cm7.h"                     /*!< Cortex-M7 processor and core peripherals      */
      |          ^~~~~~~~~~~~
1 error generated.
In file included from ./../Core/Src/usart.c:21:
In file included from ../Core/Inc\usart.h:29:
In file included from ../Core/Inc/main.h:30:
In file included from ../Drivers/STM32H7xx_HAL_Driver/Inc\stm32h7xx_hal.h:29:
In file included from ../Core/Inc\stm32h7xx_hal_conf.h:247:
In file included from ../Drivers/STM32H7xx_HAL_Driver/Inc\stm32h7xx_hal_rcc.h:27:
In file included from ../Drivers/STM32H7xx_HAL_Driver/Inc/stm32h7xx_hal_def.h:29:
In file included from ../Drivers/CMSIS/Device/ST/STM32H7xx/Include\stm32h7xx.h:167:
../Drivers/CMSIS/Device/ST/STM32H7xx/Include/stm32h723xx.h:221:10: fatal error: 'core_cm7.h' file not found
  221 | #include "core_cm7.h"                     /*!< Cortex-M7 processor and core peripherals      */
      |          ^~~~~~~~~~~~
1 error generated.
In file included from ./../Drivers/STM32H7xx_HAL_Driver/Src/stm32h7xx_hal.c:36:
In file included from ../Drivers/STM32H7xx_HAL_Driver/Inc\stm32h7xx_hal.h:29:
In file included from ../Core/Inc\stm32h7xx_hal_conf.h:247:
In file included from ../Drivers/STM32H7xx_HAL_Driver/Inc\stm32h7xx_hal_rcc.h:27:
In file included from ../Drivers/STM32H7xx_HAL_Driver/Inc/stm32h7xx_hal_def.h:29:
In file included from ../Drivers/CMSIS/Device/ST/STM32H7xx/Include\stm32h7xx.h:167:
../Drivers/CMSIS/Device/ST/STM32H7xx/Include/stm32h723xx.h:221:10: fatal error: 'core_cm7.h' file not found
  221 | #include "core_cm7.h"                     /*!< Cortex-M7 processor and core peripherals      */
      |          ^~~~~~~~~~~~
1 error generated.

[2024-11-14 13:12:17]	compilation failed at : "d:\RM\RM_code\Sentry\Drivers\STM32H7xx_HAL_Driver\Src\stm32h7xx_hal.c", exit code: 1
command: 
  "D:\Keil5\keil5_anzhuangbao\ARM\ARMCLANG\bin\armclang.exe" --target=arm-arm-none-eabi -c -xc -std=c99 -I../Core/Inc -I../Drivers/STM32H7xx_HAL_Driver/Inc -I../Drivers/STM32H7xx_HAL_Driver/Inc/Legacy -I../USB_DEVICE/App -I../USB_DEVICE/Target -I../Middlewares/ST/STM32_USB_Device_Library/Core/Inc -I../Middlewares/ST/STM32_USB_Device_Library/Class/CDC/Inc -I../Drivers/CMSIS/Device/ST/STM32H7xx/Include -I../User/Congfig -I../User/Task -I../User/Interaction -I../User/Chariot -I../User/Device -I../User/Middleware/Driver -I../User/Middleware/Algorithm -IRTE/_Sentry -DUSE_HAL_DRIVER -DSTM32H723xx -D__FPU_PRESENT="1" -D__FPU_USED="1" -DARM_MATH_CM7 -mfloat-abi=hard -mfpu=fpv5-sp-d16 -mcpu=cortex-m7 -mlittle-endian -O1 -ffunction-sections -funsigned-char -fshort-enums -fshort-wchar -fno-rtti -w -g -o ./Sentry/.obj/__/Drivers/STM32H7xx_HAL_Driver/Src/stm32h7xx_hal.o -MMD ./../Drivers/STM32H7xx_HAL_Driver/Src/stm32h7xx_hal.c
   at unify_builder.Program.compileByMulThread(Int32 thrNum, CmdInfo[] cmds_, List`1 errLogs)
   at unify_builder.Program.Main(String[] args_)
---
In file included from ./../Core/Src/fdcan.c:21:
In file included from ../Core/Inc\fdcan.h:29:
In file included from ../Core/Inc/main.h:30:
In file included from ../Drivers/STM32H7xx_HAL_Driver/Inc\stm32h7xx_hal.h:29:
In file included from ../Core/Inc\stm32h7xx_hal_conf.h:247:
In file included from ../Drivers/STM32H7xx_HAL_Driver/Inc\stm32h7xx_hal_rcc.h:27:
In file included from ../Drivers/STM32H7xx_HAL_Driver/Inc/stm32h7xx_hal_def.h:29:
In file included from ../Drivers/CMSIS/Device/ST/STM32H7xx/Include\stm32h7xx.h:167:
../Drivers/CMSIS/Device/ST/STM32H7xx/Include/stm32h723xx.h:221:10: fatal error: 'core_cm7.h' file not found
  221 | #include "core_cm7.h"                     /*!< Cortex-M7 processor and core peripherals      */
      |          ^~~~~~~~~~~~
1 error generated.
In file included from ./../Core/Src/dma.c:22:
In file included from ../Core/Inc\dma.h:29:
In file included from ../Core/Inc/main.h:30:
In file included from ../Drivers/STM32H7xx_HAL_Driver/Inc\stm32h7xx_hal.h:29:
In file included from ../Core/Inc\stm32h7xx_hal_conf.h:247:
In file included from ../Drivers/STM32H7xx_HAL_Driver/Inc\stm32h7xx_hal_rcc.h:27:
In file included from ../Drivers/STM32H7xx_HAL_Driver/Inc/stm32h7xx_hal_def.h:29:
In file included from ../Drivers/CMSIS/Device/ST/STM32H7xx/Include\stm32h7xx.h:167:
../Drivers/CMSIS/Device/ST/STM32H7xx/Include/stm32h723xx.h:221:10: fatal error: 'core_cm7.h' file not found
  221 | #include "core_cm7.h"                     /*!< Cortex-M7 processor and core peripherals      */
      |          ^~~~~~~~~~~~
1 error generated.
In file included from ./../Core/Src/gpio.c:22:
In file included from ../Core/Inc\gpio.h:29:
In file included from ../Core/Inc/main.h:30:
In file included from ../Drivers/STM32H7xx_HAL_Driver/Inc\stm32h7xx_hal.h:29:
In file included from ../Core/Inc\stm32h7xx_hal_conf.h:247:
In file included from ../Drivers/STM32H7xx_HAL_Driver/Inc\stm32h7xx_hal_rcc.h:27:
In file included from ../Drivers/STM32H7xx_HAL_Driver/Inc/stm32h7xx_hal_def.h:29:
In file included from ../Drivers/CMSIS/Device/ST/STM32H7xx/Include\stm32h7xx.h:167:
../Drivers/CMSIS/Device/ST/STM32H7xx/Include/stm32h723xx.h:221:10: fatal error: 'core_cm7.h' file not found
  221 | #include "core_cm7.h"                     /*!< Cortex-M7 processor and core peripherals      */
      |          ^~~~~~~~~~~~
1 error generated.
In file included from ./../Core/Src/main.c:20:
In file included from ../Core/Inc\main.h:30:
In file included from ../Drivers/STM32H7xx_HAL_Driver/Inc\stm32h7xx_hal.h:29:
In file included from ../Core/Inc\stm32h7xx_hal_conf.h:247:
In file included from ../Drivers/STM32H7xx_HAL_Driver/Inc\stm32h7xx_hal_rcc.h:27:
In file included from ../Drivers/STM32H7xx_HAL_Driver/Inc/stm32h7xx_hal_def.h:29:
In file included from ../Drivers/CMSIS/Device/ST/STM32H7xx/Include\stm32h7xx.h:167:
../Drivers/CMSIS/Device/ST/STM32H7xx/Include/stm32h723xx.h:221:10: fatal error: 'core_cm7.h' file not found
  221 | #include "core_cm7.h"                     /*!< Cortex-M7 processor and core peripherals      */
      |          ^~~~~~~~~~~~
1 error generated.
In file included from ./../Core/Src/memorymap.c:21:
In file included from ../Core/Inc\memorymap.h:29:
In file included from ../Core/Inc/main.h:30:
In file included from ../Drivers/STM32H7xx_HAL_Driver/Inc\stm32h7xx_hal.h:29:
In file included from ../Core/Inc\stm32h7xx_hal_conf.h:247:
In file included from ../Drivers/STM32H7xx_HAL_Driver/Inc\stm32h7xx_hal_rcc.h:27:
In file included from ../Drivers/STM32H7xx_HAL_Driver/Inc/stm32h7xx_hal_def.h:29:
In file included from ../Drivers/CMSIS/Device/ST/STM32H7xx/Include\stm32h7xx.h:167:
../Drivers/CMSIS/Device/ST/STM32H7xx/Include/stm32h723xx.h:221:10: fatal error: 'core_cm7.h' file not found
  221 | #include "core_cm7.h"                     /*!< Cortex-M7 processor and core peripherals      */
      |          ^~~~~~~~~~~~
1 error generated.
In file included from ./../Core/Src/spi.c:21:
In file included from ../Core/Inc\spi.h:29:
In file included from ../Core/Inc/main.h:30:
In file included from ../Drivers/STM32H7xx_HAL_Driver/Inc\stm32h7xx_hal.h:29:
In file included from ../Core/Inc\stm32h7xx_hal_conf.h:247:
In file included from ../Drivers/STM32H7xx_HAL_Driver/Inc\stm32h7xx_hal_rcc.h:27:
In file included from ../Drivers/STM32H7xx_HAL_Driver/Inc/stm32h7xx_hal_def.h:29:
In file included from ../Drivers/CMSIS/Device/ST/STM32H7xx/Include\stm32h7xx.h:167:
../Drivers/CMSIS/Device/ST/STM32H7xx/Include/stm32h723xx.h:221:10: fatal error: 'core_cm7.h' file not found
  221 | #include "core_cm7.h"                     /*!< Cortex-M7 processor and core peripherals      */
      |          ^~~~~~~~~~~~
1 error generated.
In file included from ./../Core/Src/stm32h7xx_hal_msp.c:23:
In file included from ../Core/Inc\main.h:30:
In file included from ../Drivers/STM32H7xx_HAL_Driver/Inc\stm32h7xx_hal.h:29:
In file included from ../Core/Inc\stm32h7xx_hal_conf.h:247:
In file included from ../Drivers/STM32H7xx_HAL_Driver/Inc\stm32h7xx_hal_rcc.h:27:
In file included from ../Drivers/STM32H7xx_HAL_Driver/Inc/stm32h7xx_hal_def.h:29:
In file included from ../Drivers/CMSIS/Device/ST/STM32H7xx/Include\stm32h7xx.h:167:
../Drivers/CMSIS/Device/ST/STM32H7xx/Include/stm32h723xx.h:221:10: fatal error: 'core_cm7.h' file not found
  221 | #include "core_cm7.h"                     /*!< Cortex-M7 processor and core peripherals      */
      |          ^~~~~~~~~~~~
1 error generated.
In file included from ./../Core/Src/system_stm32h7xx.c:47:
In file included from ../Drivers/CMSIS/Device/ST/STM32H7xx/Include\stm32h7xx.h:167:
../Drivers/CMSIS/Device/ST/STM32H7xx/Include/stm32h723xx.h:221:10: fatal error: 'core_cm7.h' file not found
  221 | #include "core_cm7.h"                     /*!< Cortex-M7 processor and core peripherals      */
      |          ^~~~~~~~~~~~
1 error generated.
In file included from ./../Core/Src/stm32h7xx_it.c:21:
In file included from ../Core/Inc\main.h:30:
In file included from ../Drivers/STM32H7xx_HAL_Driver/Inc\stm32h7xx_hal.h:29:
In file included from ../Core/Inc\stm32h7xx_hal_conf.h:247:
In file included from ../Drivers/STM32H7xx_HAL_Driver/Inc\stm32h7xx_hal_rcc.h:27:
In file included from ../Drivers/STM32H7xx_HAL_Driver/Inc/stm32h7xx_hal_def.h:29:
In file included from ../Drivers/CMSIS/Device/ST/STM32H7xx/Include\stm32h7xx.h:167:
../Drivers/CMSIS/Device/ST/STM32H7xx/Include/stm32h723xx.h:221:10: fatal error: 'core_cm7.h' file not found
  221 | #include "core_cm7.h"                     /*!< Cortex-M7 processor and core peripherals      */
      |          ^~~~~~~~~~~~
1 error generated.
In file included from ./../Core/Src/tim.c:21:
In file included from ../Core/Inc\tim.h:29:
In file included from ../Core/Inc/main.h:30:
In file included from ../Drivers/STM32H7xx_HAL_Driver/Inc\stm32h7xx_hal.h:29:
In file included from ../Core/Inc\stm32h7xx_hal_conf.h:247:
In file included from ../Drivers/STM32H7xx_HAL_Driver/Inc\stm32h7xx_hal_rcc.h:27:
In file included from ../Drivers/STM32H7xx_HAL_Driver/Inc/stm32h7xx_hal_def.h:29:
In file included from ../Drivers/CMSIS/Device/ST/STM32H7xx/Include\stm32h7xx.h:167:
../Drivers/CMSIS/Device/ST/STM32H7xx/Include/stm32h723xx.h:221:10: fatal error: 'core_cm7.h' file not found
  221 | #include "core_cm7.h"                     /*!< Cortex-M7 processor and core peripherals      */
      |          ^~~~~~~~~~~~
1 error generated.
In file included from ./../Core/Src/usart.c:21:
In file included from ../Core/Inc\usart.h:29:
In file included from ../Core/Inc/main.h:30:
In file included from ../Drivers/STM32H7xx_HAL_Driver/Inc\stm32h7xx_hal.h:29:
In file included from ../Core/Inc\stm32h7xx_hal_conf.h:247:
In file included from ../Drivers/STM32H7xx_HAL_Driver/Inc\stm32h7xx_hal_rcc.h:27:
In file included from ../Drivers/STM32H7xx_HAL_Driver/Inc/stm32h7xx_hal_def.h:29:
In file included from ../Drivers/CMSIS/Device/ST/STM32H7xx/Include\stm32h7xx.h:167:
../Drivers/CMSIS/Device/ST/STM32H7xx/Include/stm32h723xx.h:221:10: fatal error: 'core_cm7.h' file not found
  221 | #include "core_cm7.h"                     /*!< Cortex-M7 processor and core peripherals      */
      |          ^~~~~~~~~~~~
1 error generated.
In file included from ./../Drivers/STM32H7xx_HAL_Driver/Src/stm32h7xx_hal.c:36:
In file included from ../Drivers/STM32H7xx_HAL_Driver/Inc\stm32h7xx_hal.h:29:
In file included from ../Core/Inc\stm32h7xx_hal_conf.h:247:
In file included from ../Drivers/STM32H7xx_HAL_Driver/Inc\stm32h7xx_hal_rcc.h:27:
In file included from ../Drivers/STM32H7xx_HAL_Driver/Inc/stm32h7xx_hal_def.h:29:
In file included from ../Drivers/CMSIS/Device/ST/STM32H7xx/Include\stm32h7xx.h:167:
../Drivers/CMSIS/Device/ST/STM32H7xx/Include/stm32h723xx.h:221:10: fatal error: 'core_cm7.h' file not found
  221 | #include "core_cm7.h"                     /*!< Cortex-M7 processor and core peripherals      */
      |          ^~~~~~~~~~~~
1 error generated.

[2024-11-14 13:22:53]	compilation failed at : "d:\RM\RM_code\Sentry\User\Device\dvc_manifold.cpp", exit code: 1
command: 
  "D:\Keil5\keil5_anzhuangbao\ARM\ARMCLANG\bin\armclang.exe" --target=arm-arm-none-eabi -c -xc++ -std=c++11 -I../Core/Inc -I../Drivers/STM32H7xx_HAL_Driver/Inc -I../Drivers/STM32H7xx_HAL_Driver/Inc/Legacy -I../USB_DEVICE/App -I../USB_DEVICE/Target -I../Middlewares/ST/STM32_USB_Device_Library/Core/Inc -I../Middlewares/ST/STM32_USB_Device_Library/Class/CDC/Inc -I../Drivers/CMSIS/Device/ST/STM32H7xx/Include -I../User/Congfig -I../User/Task -I../User/Interaction -I../User/Chariot -I../User/Device -I../User/Middleware/Driver -I../User/Middleware/Algorithm -IRTE/_Sentry -I.cmsis/include -DUSE_HAL_DRIVER -DSTM32H723xx -D__FPU_PRESENT="1" -D__FPU_USED="1" -DARM_MATH_CM7 -mfloat-abi=hard -mfpu=fpv5-sp-d16 -mcpu=cortex-m7 -mlittle-endian -O1 -ffunction-sections -funsigned-char -fshort-enums -fshort-wchar -fno-rtti -w -g -o ./Sentry/.obj/__/User/Device/dvc_manifold.o -MMD ./../User/Device/dvc_manifold.cpp
   at unify_builder.Program.compileByMulThread(Int32 thrNum, CmdInfo[] cmds_, List`1 errLogs)
   at unify_builder.Program.Main(String[] args_)
---
In file included from ./../User/Chariot/crt_booster.cpp:14:
In file included from ./../User/Chariot/crt_booster.h:22:
In file included from ../User/Middleware/Algorithm\alg_fsm.h:17:
../User/Middleware/Driver\drv_math.h:19:10: fatal error: 'arm_math.h' file not found
   19 | #include "arm_math.h"
      |          ^~~~~~~~~~~~
1 error generated.
In file included from ./../User/Chariot/crt_chassis.cpp:20:
In file included from ./../User/Chariot/crt_chassis.h:23:
In file included from ../User/Middleware/Algorithm\alg_slope.h:17:
../User/Middleware/Driver\drv_math.h:19:10: fatal error: 'arm_math.h' file not found
   19 | #include "arm_math.h"
      |          ^~~~~~~~~~~~
1 error generated.
In file included from ./../User/Chariot/crt_gimbal.cpp:14:
In file included from ./../User/Chariot/crt_gimbal.h:17:
In file included from ../User/Device\dvc_djimotor.h:17:
In file included from ../User/Middleware/Algorithm\alg_pid.h:17:
../User/Middleware/Driver\drv_math.h:19:10: fatal error: 'arm_math.h' file not found
   19 | #include "arm_math.h"
      |          ^~~~~~~~~~~~
1 error generated.
In file included from ./../User/Device/dvc_boardc_bmi088.cpp:12:
In file included from ./../User/Device/dvc_boardc_bmi088.h:19:
In file included from ../User/Middleware/Algorithm\QuaternionEKF.h:15:
../User/Middleware/Algorithm/kalman_filter.h:32:10: fatal error: 'arm_math.h' file not found
   32 | #include "arm_math.h"
      |          ^~~~~~~~~~~~
1 error generated.
In file included from ./../User/Device/dvc_djimotor.cpp:14:
In file included from ./../User/Device/dvc_djimotor.h:17:
In file included from ../User/Middleware/Algorithm\alg_pid.h:17:
../User/Middleware/Driver\drv_math.h:19:10: fatal error: 'arm_math.h' file not found
   19 | #include "arm_math.h"
      |          ^~~~~~~~~~~~
1 error generated.
In file included from ./../User/Device/dvc_dmmotor.cpp:14:
In file included from ./../User/Device/dvc_dmmotor.h:17:
../User/Middleware/Driver\drv_math.h:19:10: fatal error: 'arm_math.h' file not found
   19 | #include "arm_math.h"
      |          ^~~~~~~~~~~~
1 error generated.
In file included from ./../User/Device/dvc_imu.cpp:12:
In file included from ./../User/Device/dvc_imu.h:17:
In file included from ./../User/Device/dvc_boardc_bmi088.h:19:
In file included from ../User/Middleware/Algorithm\QuaternionEKF.h:15:
../User/Middleware/Algorithm/kalman_filter.h:32:10: fatal error: 'arm_math.h' file not found
   32 | #include "arm_math.h"
      |          ^~~~~~~~~~~~
1 error generated.
In file included from ./../User/Device/dvc_lkmotor.cpp:14:
In file included from ./../User/Device/dvc_lkmotor.h:17:
../User/Middleware/Driver\drv_math.h:19:10: fatal error: 'arm_math.h' file not found
   19 | #include "arm_math.h"
      |          ^~~~~~~~~~~~
1 error generated.
In file included from ./../User/Device/dvc_manifold.cpp:14:
In file included from ./../User/Device/dvc_manifold.h:17:
../User/Middleware/Driver\drv_math.h:19:10: fatal error: 'arm_math.h' file not found
   19 | #include "arm_math.h"
      |          ^~~~~~~~~~~~
1 error generated.

[2024-11-14 13:24:36]	link failed !, exit code: 1
   at unify_builder.Program.Main(String[] args_)
---
Error: L6218E: Undefined symbol CAN_Send_Data (referred from dvc_dmmotor.o).
Error: L6218E: Undefined symbol arm_mat_init_f32 (referred from QuaternionEKF.o).
Error: L6218E: Undefined symbol arm_mat_trans_f32 (referred from QuaternionEKF.o).
Error: L6218E: Undefined symbol arm_mat_mult_f32 (referred from QuaternionEKF.o).
Error: L6218E: Undefined symbol arm_mat_add_f32 (referred from QuaternionEKF.o).
Error: L6218E: Undefined symbol arm_mat_inverse_f32 (referred from QuaternionEKF.o).
Error: L6218E: Undefined symbol arm_mat_sub_f32 (referred from QuaternionEKF.o).
Error: L6218E: Undefined symbol arm_sin_f32 (referred from drv_math.o).
Not enough information to list image symbols.
Finished: 1 information, 0 warning and 8 error messages.


[2024-11-14 13:32:08]	link failed !, exit code: 1
   at unify_builder.Program.Main(String[] args_)
---
Error: L6218E: Undefined symbol CAN_Send_Data (referred from dvc_dmmotor.o).
Error: L6218E: Undefined symbol arm_mat_init_f32 (referred from QuaternionEKF.o).
Error: L6218E: Undefined symbol arm_mat_trans_f32 (referred from QuaternionEKF.o).
Error: L6218E: Undefined symbol arm_mat_mult_f32 (referred from QuaternionEKF.o).
Error: L6218E: Undefined symbol arm_mat_add_f32 (referred from QuaternionEKF.o).
Error: L6218E: Undefined symbol arm_mat_inverse_f32 (referred from QuaternionEKF.o).
Error: L6218E: Undefined symbol arm_mat_sub_f32 (referred from QuaternionEKF.o).
Error: L6218E: Undefined symbol arm_sin_f32 (referred from drv_math.o).
Not enough information to list image symbols.
Finished: 1 information, 0 warning and 8 error messages.


[2024-11-14 13:32:31]	[info] incremental build: 1 source files changed
These source files will be recompiled
---
'd:\RM\RM_code\Sentry\User\Task\tsk_config_and_callback.cpp': source file has been changed.

[2024-11-14 13:32:32]	link failed !, exit code: 1
   at unify_builder.Program.Main(String[] args_)
---
Error: L6218E: Undefined symbol CAN_Send_Data (referred from dvc_dmmotor.o).
Error: L6218E: Undefined symbol arm_mat_init_f32 (referred from QuaternionEKF.o).
Error: L6218E: Undefined symbol arm_mat_trans_f32 (referred from QuaternionEKF.o).
Error: L6218E: Undefined symbol arm_mat_mult_f32 (referred from QuaternionEKF.o).
Error: L6218E: Undefined symbol arm_mat_add_f32 (referred from QuaternionEKF.o).
Error: L6218E: Undefined symbol arm_mat_inverse_f32 (referred from QuaternionEKF.o).
Error: L6218E: Undefined symbol arm_mat_sub_f32 (referred from QuaternionEKF.o).
Error: L6218E: Undefined symbol arm_sin_f32 (referred from drv_math.o).
Not enough information to list image symbols.
Finished: 1 information, 0 warning and 8 error messages.


